SF:lib\data\repositories\auth_repository.dart
DA:12,1
DA:13,2
DA:14,2
DA:16,1
DA:18,2
DA:19,2
DA:22,2
DA:27,1
DA:28,1
DA:29,1
DA:30,1
DA:33,2
DA:34,1
DA:40,1
DA:42,2
DA:47,1
DA:48,0
DA:49,0
DA:50,0
DA:52,0
DA:58,0
DA:62,1
DA:64,2
DA:69,1
DA:70,0
DA:71,0
DA:72,0
DA:74,0
DA:80,0
DA:84,1
DA:86,2
DA:87,1
DA:88,1
DA:89,1
DA:90,1
DA:93,2
DA:94,1
DA:96,0
DA:100,1
DA:102,2
LF:40
LH:29
end_of_record
SF:lib\ui\utils\dependencies.dart
DA:9,3
DA:12,2
DA:15,2
DA:17,1
DA:19,2
DA:21,1
DA:22,1
DA:23,1
DA:26,0
DA:27,0
DA:28,0
LF:11
LH:8
end_of_record
SF:lib\ui\utils\mocks\instances.dart
DA:4,3
LF:1
LH:1
end_of_record
SF:lib\ui\utils\mocks\mock_google_sign_in.dart
DA:10,0
DA:11,0
DA:14,1
DA:15,1
DA:17,1
DA:19,2
DA:20,3
DA:23,1
DA:25,2
DA:26,3
DA:32,1
DA:33,2
DA:37,1
DA:40,1
LF:14
LH:12
end_of_record
SF:lib\errors\squid_error.dart
DA:10,1
DA:12,0
DA:14,0
DA:16,0
DA:17,0
DA:20,0
DA:21,0
LF:7
LH:1
end_of_record
