SF:lib\data\repositories\auth_repository.dart
DA:11,1
DA:12,2
DA:13,2
DA:15,1
DA:17,2
DA:18,2
DA:21,2
DA:26,1
DA:27,1
DA:28,1
DA:29,1
DA:32,2
DA:33,1
DA:39,1
DA:41,2
DA:46,1
DA:47,1
DA:48,1
DA:49,1
DA:51,1
DA:54,2
DA:57,0
DA:61,1
DA:63,2
DA:68,1
DA:69,1
DA:70,1
DA:71,1
DA:73,1
DA:76,2
DA:79,0
DA:83,1
DA:85,2
DA:86,1
DA:87,1
DA:88,1
DA:89,1
DA:92,2
DA:93,1
DA:95,2
DA:99,1
DA:101,2
LF:42
LH:40
end_of_record
SF:lib\errors\squid_error.dart
DA:17,4
DA:19,0
DA:20,0
LF:3
LH:1
end_of_record
SF:lib\ui\utils\mocks\dependencies.dart
DA:11,6
DA:14,2
DA:17,2
DA:20,2
DA:22,2
DA:24,4
DA:26,2
DA:32,3
DA:33,4
DA:34,3
DA:38,2
DA:44,6
DA:45,4
DA:46,4
LF:14
LH:14
end_of_record
SF:lib\ui\utils\mocks\instances.dart
DA:4,6
LF:1
LH:1
end_of_record
SF:lib\ui\utils\mocks\mock_google_sign_in.dart
DA:10,2
DA:12,0
DA:13,0
DA:16,1
DA:17,1
DA:20,1
DA:21,1
DA:23,1
DA:25,2
DA:27,2
DA:28,3
DA:31,1
DA:33,2
DA:35,2
DA:36,3
DA:42,1
DA:43,2
DA:47,1
DA:50,1
LF:19
LH:17
end_of_record
SF:lib\errors\auth_error.dart
DA:16,4
LF:1
LH:1
end_of_record
SF:lib\data\models\note_model.dart
DA:4,3
DA:5,3
DA:8,10
DA:18,2
DA:20,1
DA:21,1
DA:22,1
DA:23,1
DA:24,2
DA:25,2
DA:28,1
DA:29,1
DA:30,1
DA:31,1
DA:32,2
DA:33,2
DA:37,1
DA:38,1
DA:39,1
DA:40,2
DA:41,2
DA:45,1
DA:46,2
LF:23
LH:23
end_of_record
SF:lib\data\repositories\note_repository.dart
DA:10,3
DA:12,1
DA:14,1
DA:15,1
DA:16,5
DA:17,0
DA:18,0
DA:19,0
DA:21,0
DA:24,0
DA:27,0
DA:31,1
DA:38,1
DA:39,2
DA:40,3
DA:42,0
DA:43,0
DA:44,0
DA:47,0
DA:50,0
DA:54,1
DA:62,1
DA:63,3
DA:64,0
DA:65,0
DA:66,0
DA:68,0
DA:71,0
DA:74,0
DA:78,0
DA:80,0
DA:81,0
DA:82,0
DA:83,0
DA:84,0
DA:86,0
DA:89,0
DA:92,0
DA:96,1
DA:97,3
DA:100,1
DA:101,3
DA:102,2
LF:43
LH:17
end_of_record
SF:lib\errors\note_error.dart
DA:8,1
LF:1
LH:1
end_of_record
